<?xml version="1.0" encoding="UTF-8"?>
<testng-results ignored="0" total="1" passed="1" failed="0" skipped="0">
  <reporter-output>
  </reporter-output>
  <suite started-at="2023-01-15T11:04:13 IST" name="Default suite" finished-at="2023-01-15T11:05:20 IST" duration-ms="67758">
    <groups>
    </groups>
    <test started-at="2023-01-15T11:04:13 IST" name="Default test" finished-at="2023-01-15T11:05:20 IST" duration-ms="67758">
      <class name="Runner.RunApp">
        <test-method signature="runcrm()[pri:0, instance:Runner.RunApp@4dbb42b7]" started-at="2023-01-15T11:04:13 IST" name="runcrm" finished-at="2023-01-15T11:05:20 IST" duration-ms="67639" status="PASS">
          <reporter-output>
          </reporter-output>
        </test-method> <!-- runcrm -->
      </class> <!-- Runner.RunApp -->
    </test> <!-- Default test -->
  </suite> <!-- Default suite -->
</testng-results>
